<?xml version="1.0" encoding="UTF-8"?>
<testng-results ignored="0" total="3" passed="3" failed="0" skipped="0">
  <reporter-output>
  </reporter-output>
  <suite started-at="2025-03-20T14:35:20 IST" name="Suite" finished-at="2025-03-20T14:36:12 IST" duration-ms="52486">
    <groups>
    </groups>
    <test started-at="2025-03-20T14:35:20 IST" name="Test" finished-at="2025-03-20T14:36:12 IST" duration-ms="52486">
      <class name="TestCases.TC_02_LoginPage">
        <test-method is-config="true" signature="openApplication(java.lang.String,java.lang.String)[pri:0, instance:TestCases.TC_02_LoginPage@12d4bf7e]" started-at="2025-03-20T14:35:22 IST" name="openApplication" finished-at="2025-03-20T14:35:38 IST" duration-ms="15667" status="PASS">
          <params>
            <param index="0">
              <value>
                <![CDATA[chrome]]>
              </value>
            </param>
            <param index="1">
              <value>
                <![CDATA[https://magento.softwaretestingboard.com/]]>
              </value>
            </param>
          </params>
          <reporter-output>
          </reporter-output>
        </test-method> <!-- openApplication -->
        <test-method signature="LoginTest(java.lang.String,java.lang.String)[pri:0, instance:TestCases.TC_02_LoginPage@12d4bf7e]" started-at="2025-03-20T14:35:46 IST" name="LoginTest" data-provider="Luma_TestData" finished-at="2025-03-20T14:36:00 IST" duration-ms="14234" status="PASS">
          <params>
            <param index="0">
              <value>
                <![CDATA[anwesh121@gmail.com]]>
              </value>
            </param>
            <param index="1">
              <value>
                <![CDATA[anwesh123456]]>
              </value>
            </param>
          </params>
          <reporter-output>
          </reporter-output>
        </test-method> <!-- LoginTest -->
        <test-method signature="LoginTest(java.lang.String,java.lang.String)[pri:0, instance:TestCases.TC_02_LoginPage@12d4bf7e]" started-at="2025-03-20T14:36:00 IST" name="LoginTest" data-provider="Luma_TestData" finished-at="2025-03-20T14:36:05 IST" duration-ms="4979" status="PASS">
          <params>
            <param index="0">
              <value>
                <![CDATA[manikanta@gmail.com]]>
              </value>
            </param>
            <param index="1">
              <value>
                <![CDATA[manikanta09876]]>
              </value>
            </param>
          </params>
          <reporter-output>
          </reporter-output>
        </test-method> <!-- LoginTest -->
        <test-method signature="LoginTest(java.lang.String,java.lang.String)[pri:0, instance:TestCases.TC_02_LoginPage@12d4bf7e]" started-at="2025-03-20T14:36:05 IST" name="LoginTest" data-provider="Luma_TestData" finished-at="2025-03-20T14:36:12 IST" duration-ms="6862" status="PASS">
          <params>
            <param index="0">
              <value>
                <![CDATA[anwesh121@gmail.com]]>
              </value>
            </param>
            <param index="1">
              <value>
                <![CDATA[anwesh121@]]>
              </value>
            </param>
          </params>
          <reporter-output>
          </reporter-output>
        </test-method> <!-- LoginTest -->
      </class> <!-- TestCases.TC_02_LoginPage -->
    </test> <!-- Test -->
  </suite> <!-- Suite -->
</testng-results>
